{
  "uid" : "e89d7448c0382f14",
  "name" : "test_successful_login",
  "fullName" : "testproject.pytests.login_test#test_successful_login",
  "historyId" : "f40bc2865273707e2609713144a12203",
  "time" : {
    "start" : 1627299898430,
    "stop" : 1627299921621,
    "duration" : 23191
  },
  "status" : "failed",
  "statusMessage" : "AssertionError: assert 'Logging you ...lease wait...' == ''\n  + Logging you in... Please wait...",
  "statusTrace" : "def test_successful_login():\n        url = \"http://localhost:1667\"\n        driver.get(url)\n        time.sleep(3)\n    \n        # successful registration\n        find_elem_and_click('//li[@class=\"nav-item\"]/a[@href=\"#/register\"]')  # sign up\n        time.sleep(3)\n    \n        reg_input_fields = WebDriverWait(driver, 5).until(EC.visibility_of_all_elements_located((By.TAG_NAME, 'input')))\n        random_user = f\"Simone{randint(1,100)}\"\n        reg_input_data = [random_user, f\"{random_user}@gmail.com\", \"12ABab@&\"]\n    \n        fill_input_fields(reg_input_data, reg_input_fields, '//button[contains(text(),\"Sign up\")]')\n        swal_btn = WebDriverWait(driver, 5).until(EC.visibility_of_element_located\n                                                  ((By.XPATH, '//div[@class=\"swal-button-container\"]/button')))\n        swal_btn.click()\n        time.sleep(3)\n        find_elem_and_click('//nav/div/ul//li/a[@active-class=\"active\"]')  # logout\n        time.sleep(3)\n    \n        # successful login\n        find_elem_and_click('//li[@class=\"nav-item\"]/a[@href=\"#/login\"]')\n        time.sleep(3)\n        log_input_fields = WebDriverWait(driver, 5).until(EC.visibility_of_all_elements_located((By.TAG_NAME, 'input')))\n        login_data = [reg_input_data[1], \"12ABab@&\"]\n        expected_user_login_text = \"Logging you in... Please wait...\"\n        fill_input_fields(login_data, log_input_fields, '//button[contains(text(),\"Sign in\")]')\n>       assert expected_user_login_text == driver.find_element_by_xpath('//div[@class=\"swal-text\"]').text\nE       AssertionError: assert 'Logging you ...lease wait...' == ''\nE         + Logging you in... Please wait...\n\ntestproject/pytests/login_test.py:57: AssertionError",
  "flaky" : true,
  "newFailed" : true,
  "beforeStages" : [ ],
  "afterStages" : [ ],
  "labels" : [ {
    "name" : "parentSuite",
    "value" : "testproject.pytests"
  }, {
    "name" : "suite",
    "value" : "login_test"
  }, {
    "name" : "host",
    "value" : "fv-az83-685"
  }, {
    "name" : "thread",
    "value" : "4391-MainThread"
  }, {
    "name" : "framework",
    "value" : "pytest"
  }, {
    "name" : "language",
    "value" : "cpython3"
  }, {
    "name" : "package",
    "value" : "testproject.pytests.login_test"
  }, {
    "name" : "resultFormat",
    "value" : "allure2"
  } ],
  "parameters" : [ ],
  "links" : [ ],
  "hidden" : false,
  "retry" : false,
  "extra" : {
    "severity" : "normal",
    "retries" : [ ],
    "categories" : [ {
      "name" : "Product defects",
      "matchedStatuses" : [ ],
      "flaky" : false
    } ],
    "history" : {
      "statistic" : {
        "failed" : 2,
        "broken" : 0,
        "skipped" : 0,
        "passed" : 2,
        "unknown" : 0,
        "total" : 4
      },
      "items" : [ {
        "uid" : "3e1eaaf28ec9b73e",
        "reportUrl" : "https://Bebe-ops.github.io/conduit/18//#testresult/3e1eaaf28ec9b73e",
        "status" : "passed",
        "time" : {
          "start" : 1627234609804,
          "stop" : 1627234638227,
          "duration" : 28423
        }
      }, {
        "uid" : "a88a463f963644bb",
        "reportUrl" : "https://Bebe-ops.github.io/conduit/17//#testresult/a88a463f963644bb",
        "status" : "failed",
        "statusDetails" : "AssertionError: assert 'Logging you ...lease wait...' == ''\n  + Logging you in... Please wait...",
        "time" : {
          "start" : 1627056442160,
          "stop" : 1627056465417,
          "duration" : 23257
        }
      }, {
        "uid" : "f34c8ee17110390a",
        "reportUrl" : "https://Bebe-ops.github.io/conduit/16//#testresult/f34c8ee17110390a",
        "status" : "passed",
        "time" : {
          "start" : 1626980380390,
          "stop" : 1626980408507,
          "duration" : 28117
        }
      } ]
    },
    "tags" : [ ]
  },
  "source" : "e89d7448c0382f14.json",
  "parameterValues" : [ ]
}