{
  "uid" : "cff8c1f21107a71d",
  "name" : "test_cookie",
  "fullName" : "testproject.pytests.test_cookie.TestCookie#test_cookie",
  "historyId" : "d4963a7ff243a84f7d3bde7e2b0f5170",
  "time" : {
    "start" : 1629211246505,
    "stop" : 1629211246505,
    "duration" : 0
  },
  "status" : "broken",
  "statusMessage" : "selenium.common.exceptions.WebDriverException: Message: unknown error: Chrome failed to start: exited abnormally.\n  (unknown error: DevToolsActivePort file doesn't exist)\n  (The process started from chrome location /usr/bin/google-chrome is no longer running, so ChromeDriver is assuming that Chrome has crashed.)",
  "statusTrace" : "self = <test_cookie.TestCookie object at 0x7ff005ac33d0>\n\n    def setup(self):\n>       self.driver = webdriver.Chrome(executable_path=ChromeDriverManager().install(), options=options)\n\ntestproject/pytests/test_cookie.py:13: \n_ _ _ _ _ _ _ _ _ _ _ _ _ _ _ _ _ _ _ _ _ _ _ _ _ _ _ _ _ _ _ _ _ _ _ _ _ _ _ _ \n/opt/hostedtoolcache/Python/3.9.6/x64/lib/python3.9/site-packages/selenium/webdriver/chrome/webdriver.py:76: in __init__\n    RemoteWebDriver.__init__(\n/opt/hostedtoolcache/Python/3.9.6/x64/lib/python3.9/site-packages/selenium/webdriver/remote/webdriver.py:157: in __init__\n    self.start_session(capabilities, browser_profile)\n/opt/hostedtoolcache/Python/3.9.6/x64/lib/python3.9/site-packages/selenium/webdriver/remote/webdriver.py:252: in start_session\n    response = self.execute(Command.NEW_SESSION, parameters)\n/opt/hostedtoolcache/Python/3.9.6/x64/lib/python3.9/site-packages/selenium/webdriver/remote/webdriver.py:321: in execute\n    self.error_handler.check_response(response)\n_ _ _ _ _ _ _ _ _ _ _ _ _ _ _ _ _ _ _ _ _ _ _ _ _ _ _ _ _ _ _ _ _ _ _ _ _ _ _ _ \n\nself = <selenium.webdriver.remote.errorhandler.ErrorHandler object at 0x7ff005a88d90>\nresponse = {'status': 500, 'value': '{\"value\":{\"error\":\"unknown error\",\"message\":\"unknown error: Chrome failed to start: exited a...wn>\\\\n#14 0x55b16958be58 \\\\u003Cunknown>\\\\n#15 0x55b1695a5dfd \\\\u003Cunknown>\\\\n#16 0x7f7ecd35d609 start_thread\\\\n\"}}'}\n\n    def check_response(self, response):\n        \"\"\"\n        Checks that a JSON response from the WebDriver does not have an error.\n    \n        :Args:\n         - response - The JSON response from the WebDriver server as a dictionary\n           object.\n    \n        :Raises: If the response contains an error message.\n        \"\"\"\n        status = response.get('status', None)\n        if status is None or status == ErrorCode.SUCCESS:\n            return\n        value = None\n        message = response.get(\"message\", \"\")\n        screen = response.get(\"screen\", \"\")\n        stacktrace = None\n        if isinstance(status, int):\n            value_json = response.get('value', None)\n            if value_json and isinstance(value_json, basestring):\n                import json\n                try:\n                    value = json.loads(value_json)\n                    if len(value.keys()) == 1:\n                        value = value['value']\n                    status = value.get('error', None)\n                    if status is None:\n                        status = value[\"status\"]\n                        message = value[\"value\"]\n                        if not isinstance(message, basestring):\n                            value = message\n                            message = message.get('message')\n                    else:\n                        message = value.get('message', None)\n                except ValueError:\n                    pass\n    \n        exception_class = ErrorInResponseException\n        if status in ErrorCode.NO_SUCH_ELEMENT:\n            exception_class = NoSuchElementException\n        elif status in ErrorCode.NO_SUCH_FRAME:\n            exception_class = NoSuchFrameException\n        elif status in ErrorCode.NO_SUCH_WINDOW:\n            exception_class = NoSuchWindowException\n        elif status in ErrorCode.STALE_ELEMENT_REFERENCE:\n            exception_class = StaleElementReferenceException\n        elif status in ErrorCode.ELEMENT_NOT_VISIBLE:\n            exception_class = ElementNotVisibleException\n        elif status in ErrorCode.INVALID_ELEMENT_STATE:\n            exception_class = InvalidElementStateException\n        elif status in ErrorCode.INVALID_SELECTOR \\\n                or status in ErrorCode.INVALID_XPATH_SELECTOR \\\n                or status in ErrorCode.INVALID_XPATH_SELECTOR_RETURN_TYPER:\n            exception_class = InvalidSelectorException\n        elif status in ErrorCode.ELEMENT_IS_NOT_SELECTABLE:\n            exception_class = ElementNotSelectableException\n        elif status in ErrorCode.ELEMENT_NOT_INTERACTABLE:\n            exception_class = ElementNotInteractableException\n        elif status in ErrorCode.INVALID_COOKIE_DOMAIN:\n            exception_class = InvalidCookieDomainException\n        elif status in ErrorCode.UNABLE_TO_SET_COOKIE:\n            exception_class = UnableToSetCookieException\n        elif status in ErrorCode.TIMEOUT:\n            exception_class = TimeoutException\n        elif status in ErrorCode.SCRIPT_TIMEOUT:\n            exception_class = TimeoutException\n        elif status in ErrorCode.UNKNOWN_ERROR:\n            exception_class = WebDriverException\n        elif status in ErrorCode.UNEXPECTED_ALERT_OPEN:\n            exception_class = UnexpectedAlertPresentException\n        elif status in ErrorCode.NO_ALERT_OPEN:\n            exception_class = NoAlertPresentException\n        elif status in ErrorCode.IME_NOT_AVAILABLE:\n            exception_class = ImeNotAvailableException\n        elif status in ErrorCode.IME_ENGINE_ACTIVATION_FAILED:\n            exception_class = ImeActivationFailedException\n        elif status in ErrorCode.MOVE_TARGET_OUT_OF_BOUNDS:\n            exception_class = MoveTargetOutOfBoundsException\n        elif status in ErrorCode.JAVASCRIPT_ERROR:\n            exception_class = JavascriptException\n        elif status in ErrorCode.SESSION_NOT_CREATED:\n            exception_class = SessionNotCreatedException\n        elif status in ErrorCode.INVALID_ARGUMENT:\n            exception_class = InvalidArgumentException\n        elif status in ErrorCode.NO_SUCH_COOKIE:\n            exception_class = NoSuchCookieException\n        elif status in ErrorCode.UNABLE_TO_CAPTURE_SCREEN:\n            exception_class = ScreenshotException\n        elif status in ErrorCode.ELEMENT_CLICK_INTERCEPTED:\n            exception_class = ElementClickInterceptedException\n        elif status in ErrorCode.INSECURE_CERTIFICATE:\n            exception_class = InsecureCertificateException\n        elif status in ErrorCode.INVALID_COORDINATES:\n            exception_class = InvalidCoordinatesException\n        elif status in ErrorCode.INVALID_SESSION_ID:\n            exception_class = InvalidSessionIdException\n        elif status in ErrorCode.UNKNOWN_METHOD:\n            exception_class = UnknownMethodException\n        else:\n            exception_class = WebDriverException\n        if value == '' or value is None:\n            value = response['value']\n        if isinstance(value, basestring):\n            if exception_class == ErrorInResponseException:\n                raise exception_class(response, value)\n            raise exception_class(value)\n        if message == \"\" and 'message' in value:\n            message = value['message']\n    \n        screen = None\n        if 'screen' in value:\n            screen = value['screen']\n    \n        stacktrace = None\n        if 'stackTrace' in value and value['stackTrace']:\n            stacktrace = []\n            try:\n                for frame in value['stackTrace']:\n                    line = self._value_or_default(frame, 'lineNumber', '')\n                    file = self._value_or_default(frame, 'fileName', '<anonymous>')\n                    if line:\n                        file = \"%s:%s\" % (file, line)\n                    meth = self._value_or_default(frame, 'methodName', '<anonymous>')\n                    if 'className' in frame:\n                        meth = \"%s.%s\" % (frame['className'], meth)\n                    msg = \"    at %s (%s)\"\n                    msg = msg % (meth, file)\n                    stacktrace.append(msg)\n            except TypeError:\n                pass\n        if exception_class == ErrorInResponseException:\n            raise exception_class(response, message)\n        elif exception_class == UnexpectedAlertPresentException:\n            alert_text = None\n            if 'data' in value:\n                alert_text = value['data'].get('text')\n            elif 'alert' in value:\n                alert_text = value['alert'].get('text')\n            raise exception_class(message, screen, stacktrace, alert_text)\n>       raise exception_class(message, screen, stacktrace)\nE       selenium.common.exceptions.WebDriverException: Message: unknown error: Chrome failed to start: exited abnormally.\nE         (unknown error: DevToolsActivePort file doesn't exist)\nE         (The process started from chrome location /usr/bin/google-chrome is no longer running, so ChromeDriver is assuming that Chrome has crashed.)\n\n/opt/hostedtoolcache/Python/3.9.6/x64/lib/python3.9/site-packages/selenium/webdriver/remote/errorhandler.py:242: WebDriverException",
  "flaky" : false,
  "newFailed" : false,
  "beforeStages" : [ ],
  "testStage" : {
    "status" : "broken",
    "statusMessage" : "selenium.common.exceptions.WebDriverException: Message: unknown error: Chrome failed to start: exited abnormally.\n  (unknown error: DevToolsActivePort file doesn't exist)\n  (The process started from chrome location /usr/bin/google-chrome is no longer running, so ChromeDriver is assuming that Chrome has crashed.)",
    "statusTrace" : "self = <test_cookie.TestCookie object at 0x7ff005ac33d0>\n\n    def setup(self):\n>       self.driver = webdriver.Chrome(executable_path=ChromeDriverManager().install(), options=options)\n\ntestproject/pytests/test_cookie.py:13: \n_ _ _ _ _ _ _ _ _ _ _ _ _ _ _ _ _ _ _ _ _ _ _ _ _ _ _ _ _ _ _ _ _ _ _ _ _ _ _ _ \n/opt/hostedtoolcache/Python/3.9.6/x64/lib/python3.9/site-packages/selenium/webdriver/chrome/webdriver.py:76: in __init__\n    RemoteWebDriver.__init__(\n/opt/hostedtoolcache/Python/3.9.6/x64/lib/python3.9/site-packages/selenium/webdriver/remote/webdriver.py:157: in __init__\n    self.start_session(capabilities, browser_profile)\n/opt/hostedtoolcache/Python/3.9.6/x64/lib/python3.9/site-packages/selenium/webdriver/remote/webdriver.py:252: in start_session\n    response = self.execute(Command.NEW_SESSION, parameters)\n/opt/hostedtoolcache/Python/3.9.6/x64/lib/python3.9/site-packages/selenium/webdriver/remote/webdriver.py:321: in execute\n    self.error_handler.check_response(response)\n_ _ _ _ _ _ _ _ _ _ _ _ _ _ _ _ _ _ _ _ _ _ _ _ _ _ _ _ _ _ _ _ _ _ _ _ _ _ _ _ \n\nself = <selenium.webdriver.remote.errorhandler.ErrorHandler object at 0x7ff005a88d90>\nresponse = {'status': 500, 'value': '{\"value\":{\"error\":\"unknown error\",\"message\":\"unknown error: Chrome failed to start: exited a...wn>\\\\n#14 0x55b16958be58 \\\\u003Cunknown>\\\\n#15 0x55b1695a5dfd \\\\u003Cunknown>\\\\n#16 0x7f7ecd35d609 start_thread\\\\n\"}}'}\n\n    def check_response(self, response):\n        \"\"\"\n        Checks that a JSON response from the WebDriver does not have an error.\n    \n        :Args:\n         - response - The JSON response from the WebDriver server as a dictionary\n           object.\n    \n        :Raises: If the response contains an error message.\n        \"\"\"\n        status = response.get('status', None)\n        if status is None or status == ErrorCode.SUCCESS:\n            return\n        value = None\n        message = response.get(\"message\", \"\")\n        screen = response.get(\"screen\", \"\")\n        stacktrace = None\n        if isinstance(status, int):\n            value_json = response.get('value', None)\n            if value_json and isinstance(value_json, basestring):\n                import json\n                try:\n                    value = json.loads(value_json)\n                    if len(value.keys()) == 1:\n                        value = value['value']\n                    status = value.get('error', None)\n                    if status is None:\n                        status = value[\"status\"]\n                        message = value[\"value\"]\n                        if not isinstance(message, basestring):\n                            value = message\n                            message = message.get('message')\n                    else:\n                        message = value.get('message', None)\n                except ValueError:\n                    pass\n    \n        exception_class = ErrorInResponseException\n        if status in ErrorCode.NO_SUCH_ELEMENT:\n            exception_class = NoSuchElementException\n        elif status in ErrorCode.NO_SUCH_FRAME:\n            exception_class = NoSuchFrameException\n        elif status in ErrorCode.NO_SUCH_WINDOW:\n            exception_class = NoSuchWindowException\n        elif status in ErrorCode.STALE_ELEMENT_REFERENCE:\n            exception_class = StaleElementReferenceException\n        elif status in ErrorCode.ELEMENT_NOT_VISIBLE:\n            exception_class = ElementNotVisibleException\n        elif status in ErrorCode.INVALID_ELEMENT_STATE:\n            exception_class = InvalidElementStateException\n        elif status in ErrorCode.INVALID_SELECTOR \\\n                or status in ErrorCode.INVALID_XPATH_SELECTOR \\\n                or status in ErrorCode.INVALID_XPATH_SELECTOR_RETURN_TYPER:\n            exception_class = InvalidSelectorException\n        elif status in ErrorCode.ELEMENT_IS_NOT_SELECTABLE:\n            exception_class = ElementNotSelectableException\n        elif status in ErrorCode.ELEMENT_NOT_INTERACTABLE:\n            exception_class = ElementNotInteractableException\n        elif status in ErrorCode.INVALID_COOKIE_DOMAIN:\n            exception_class = InvalidCookieDomainException\n        elif status in ErrorCode.UNABLE_TO_SET_COOKIE:\n            exception_class = UnableToSetCookieException\n        elif status in ErrorCode.TIMEOUT:\n            exception_class = TimeoutException\n        elif status in ErrorCode.SCRIPT_TIMEOUT:\n            exception_class = TimeoutException\n        elif status in ErrorCode.UNKNOWN_ERROR:\n            exception_class = WebDriverException\n        elif status in ErrorCode.UNEXPECTED_ALERT_OPEN:\n            exception_class = UnexpectedAlertPresentException\n        elif status in ErrorCode.NO_ALERT_OPEN:\n            exception_class = NoAlertPresentException\n        elif status in ErrorCode.IME_NOT_AVAILABLE:\n            exception_class = ImeNotAvailableException\n        elif status in ErrorCode.IME_ENGINE_ACTIVATION_FAILED:\n            exception_class = ImeActivationFailedException\n        elif status in ErrorCode.MOVE_TARGET_OUT_OF_BOUNDS:\n            exception_class = MoveTargetOutOfBoundsException\n        elif status in ErrorCode.JAVASCRIPT_ERROR:\n            exception_class = JavascriptException\n        elif status in ErrorCode.SESSION_NOT_CREATED:\n            exception_class = SessionNotCreatedException\n        elif status in ErrorCode.INVALID_ARGUMENT:\n            exception_class = InvalidArgumentException\n        elif status in ErrorCode.NO_SUCH_COOKIE:\n            exception_class = NoSuchCookieException\n        elif status in ErrorCode.UNABLE_TO_CAPTURE_SCREEN:\n            exception_class = ScreenshotException\n        elif status in ErrorCode.ELEMENT_CLICK_INTERCEPTED:\n            exception_class = ElementClickInterceptedException\n        elif status in ErrorCode.INSECURE_CERTIFICATE:\n            exception_class = InsecureCertificateException\n        elif status in ErrorCode.INVALID_COORDINATES:\n            exception_class = InvalidCoordinatesException\n        elif status in ErrorCode.INVALID_SESSION_ID:\n            exception_class = InvalidSessionIdException\n        elif status in ErrorCode.UNKNOWN_METHOD:\n            exception_class = UnknownMethodException\n        else:\n            exception_class = WebDriverException\n        if value == '' or value is None:\n            value = response['value']\n        if isinstance(value, basestring):\n            if exception_class == ErrorInResponseException:\n                raise exception_class(response, value)\n            raise exception_class(value)\n        if message == \"\" and 'message' in value:\n            message = value['message']\n    \n        screen = None\n        if 'screen' in value:\n            screen = value['screen']\n    \n        stacktrace = None\n        if 'stackTrace' in value and value['stackTrace']:\n            stacktrace = []\n            try:\n                for frame in value['stackTrace']:\n                    line = self._value_or_default(frame, 'lineNumber', '')\n                    file = self._value_or_default(frame, 'fileName', '<anonymous>')\n                    if line:\n                        file = \"%s:%s\" % (file, line)\n                    meth = self._value_or_default(frame, 'methodName', '<anonymous>')\n                    if 'className' in frame:\n                        meth = \"%s.%s\" % (frame['className'], meth)\n                    msg = \"    at %s (%s)\"\n                    msg = msg % (meth, file)\n                    stacktrace.append(msg)\n            except TypeError:\n                pass\n        if exception_class == ErrorInResponseException:\n            raise exception_class(response, message)\n        elif exception_class == UnexpectedAlertPresentException:\n            alert_text = None\n            if 'data' in value:\n                alert_text = value['data'].get('text')\n            elif 'alert' in value:\n                alert_text = value['alert'].get('text')\n            raise exception_class(message, screen, stacktrace, alert_text)\n>       raise exception_class(message, screen, stacktrace)\nE       selenium.common.exceptions.WebDriverException: Message: unknown error: Chrome failed to start: exited abnormally.\nE         (unknown error: DevToolsActivePort file doesn't exist)\nE         (The process started from chrome location /usr/bin/google-chrome is no longer running, so ChromeDriver is assuming that Chrome has crashed.)\n\n/opt/hostedtoolcache/Python/3.9.6/x64/lib/python3.9/site-packages/selenium/webdriver/remote/errorhandler.py:242: WebDriverException",
    "steps" : [ ],
    "attachments" : [ {
      "uid" : "9ff8f3564697d662",
      "name" : "log",
      "source" : "9ff8f3564697d662.txt",
      "type" : "text/plain",
      "size" : 344
    }, {
      "uid" : "b5f33e1e0785d4",
      "name" : "stderr",
      "source" : "b5f33e1e0785d4.txt",
      "type" : "text/plain",
      "size" : 215
    } ],
    "parameters" : [ ],
    "stepsCount" : 0,
    "attachmentsCount" : 2,
    "shouldDisplayMessage" : true,
    "hasContent" : true
  },
  "afterStages" : [ ],
  "labels" : [ {
    "name" : "parentSuite",
    "value" : "testproject.pytests"
  }, {
    "name" : "suite",
    "value" : "test_cookie"
  }, {
    "name" : "subSuite",
    "value" : "TestCookie"
  }, {
    "name" : "host",
    "value" : "fv-az77-600"
  }, {
    "name" : "thread",
    "value" : "3925-MainThread"
  }, {
    "name" : "framework",
    "value" : "pytest"
  }, {
    "name" : "language",
    "value" : "cpython3"
  }, {
    "name" : "package",
    "value" : "testproject.pytests.test_cookie"
  }, {
    "name" : "resultFormat",
    "value" : "allure2"
  } ],
  "parameters" : [ ],
  "links" : [ ],
  "hidden" : false,
  "retry" : false,
  "extra" : {
    "severity" : "normal",
    "retries" : [ ],
    "categories" : [ {
      "name" : "Test defects",
      "matchedStatuses" : [ ],
      "flaky" : false
    } ],
    "history" : {
      "statistic" : {
        "failed" : 0,
        "broken" : 3,
        "skipped" : 0,
        "passed" : 9,
        "unknown" : 0,
        "total" : 12
      },
      "items" : [ {
        "uid" : "fe5eb8f90f500b48",
        "reportUrl" : "https://Bebe-ops.github.io/conduit/31//#testresult/fe5eb8f90f500b48",
        "status" : "passed",
        "time" : {
          "start" : 1627996998455,
          "stop" : 1627997018345,
          "duration" : 19890
        }
      }, {
        "uid" : "25348c10aa148af6",
        "reportUrl" : "https://Bebe-ops.github.io/conduit/29//#testresult/25348c10aa148af6",
        "status" : "passed",
        "time" : {
          "start" : 1627829272223,
          "stop" : 1627829292061,
          "duration" : 19838
        }
      }, {
        "uid" : "4b8e676f4b0c7f13",
        "reportUrl" : "https://Bebe-ops.github.io/conduit/28//#testresult/4b8e676f4b0c7f13",
        "status" : "passed",
        "time" : {
          "start" : 1627828348662,
          "stop" : 1627828368410,
          "duration" : 19748
        }
      }, {
        "uid" : "a2e81fa6893f3203",
        "reportUrl" : "https://Bebe-ops.github.io/conduit/27//#testresult/a2e81fa6893f3203",
        "status" : "passed",
        "time" : {
          "start" : 1627764352529,
          "stop" : 1627764372458,
          "duration" : 19929
        }
      }, {
        "uid" : "f021e9727d7a94ac",
        "reportUrl" : "https://Bebe-ops.github.io/conduit/26//#testresult/f021e9727d7a94ac",
        "status" : "passed",
        "time" : {
          "start" : 1627760226383,
          "stop" : 1627760246307,
          "duration" : 19924
        }
      }, {
        "uid" : "8cb05265d93c4f20",
        "reportUrl" : "https://Bebe-ops.github.io/conduit/25//#testresult/8cb05265d93c4f20",
        "status" : "passed",
        "time" : {
          "start" : 1627757551123,
          "stop" : 1627757570979,
          "duration" : 19856
        }
      }, {
        "uid" : "aa944b8f4d5a0e19",
        "reportUrl" : "https://Bebe-ops.github.io/conduit/23//#testresult/aa944b8f4d5a0e19",
        "status" : "passed",
        "time" : {
          "start" : 1627669948826,
          "stop" : 1627669968801,
          "duration" : 19975
        }
      }, {
        "uid" : "c5eda56664f3d371",
        "reportUrl" : "https://Bebe-ops.github.io/conduit/22//#testresult/c5eda56664f3d371",
        "status" : "broken",
        "statusDetails" : "selenium.common.exceptions.WebDriverException: Message: unknown error: Chrome failed to start: exited abnormally.\n  (unknown error: DevToolsActivePort file doesn't exist)\n  (The process started from chrome location /usr/bin/google-chrome is no longer running, so ChromeDriver is assuming that Chrome has crashed.)",
        "time" : {
          "start" : 1627663941662,
          "stop" : 1627663941662,
          "duration" : 0
        }
      }, {
        "uid" : "3d78201c512c43f2",
        "reportUrl" : "https://Bebe-ops.github.io/conduit/21//#testresult/3d78201c512c43f2",
        "status" : "passed",
        "time" : {
          "start" : 1627308336866,
          "stop" : 1627308351246,
          "duration" : 14380
        }
      }, {
        "uid" : "40eecaf75a6e3c4c",
        "reportUrl" : "https://Bebe-ops.github.io/conduit/20//#testresult/40eecaf75a6e3c4c",
        "status" : "passed",
        "time" : {
          "start" : 1627300015066,
          "stop" : 1627300029454,
          "duration" : 14388
        }
      }, {
        "uid" : "8c27ef2257d33c71",
        "reportUrl" : "https://Bebe-ops.github.io/conduit/18//#testresult/8c27ef2257d33c71",
        "status" : "broken",
        "statusDetails" : "selenium.common.exceptions.WebDriverException: Message: unknown error: Chrome failed to start: exited abnormally.\n  (unknown error: DevToolsActivePort file doesn't exist)\n  (The process started from chrome location /usr/bin/google-chrome is no longer running, so ChromeDriver is assuming that Chrome has crashed.)",
        "time" : {
          "start" : 1627234730186,
          "stop" : 1627234730186,
          "duration" : 0
        }
      } ]
    },
    "tags" : [ ]
  },
  "source" : "cff8c1f21107a71d.json",
  "parameterValues" : [ ]
}